[biofit-biofit.com/biofit/index.html]
[backblue.gif]
[fade.gif]
[index.html]
[biofit-biofit.com/biofit/biofit-mobile.html]
[w.ladicdn.com/v2/source/ladipage.vi.minba6a.js]
[w.ladicdn.com/s1950x2300/5fa2747be93b1c29f89c713f/biofitlanding-20210412131138.png]
[w.ladicdn.com/s1950x1300/5fa2747be93b1c29f89c713f/biofitlanding4-20210413003543.png]
[w.ladicdn.com/s1950x1800/5fa2747be93b1c29f89c713f/biofitlanding5-20210413003904.png]
[w.ladicdn.com/s1950x1100/5fa2747be93b1c29f89c713f/biofitlanding6-20210413004453.png]
[w.ladicdn.com/s1950x1300/5fa2747be93b1c29f89c713f/biofitlanding7-20210413004712.png]
[w.ladicdn.com/s1950x1000/5fa2747be93b1c29f89c713f/biofitlanding8-20210413004927.png]
[w.ladicdn.com/s750x1050/5fa2747be93b1c29f89c713f/biofitlanding-20210412131138.png]
[w.ladicdn.com/s750x550/5fa2747be93b1c29f89c713f/biofitlanding4-20210413003543.png]
[w.ladicdn.com/s750x700/5fa2747be93b1c29f89c713f/biofitlanding5-20210413003904.png]
[w.ladicdn.com/s750x500/5fa2747be93b1c29f89c713f/biofitlanding6-20210413004453.png]
[w.ladicdn.com/s750x600/5fa2747be93b1c29f89c713f/biofitlanding7-20210413004712.png]
[w.ladicdn.com/s750x500/5fa2747be93b1c29f89c713f/biofitlanding8-20210413004927.png]
[biofit-biofit.com/biofit/biofit-biofit-biofit.html]
[biofit-biofit.com/biofit/biofit-pay1.html]
[biofit-biofit.com/biofit/biofit-pay6.html]
[biofit-biofit.com/biofit/biofit-pay3.html]
[biofit-biofit.com/biofit/_https_/www.youtube.com/embed/BnWiFq0AxQce926]
[biofit-biofit.com/a/images/loading.gif]
[biofit-biofit.com/biofit/index.html]
[w.ladicdn.com/v2/source/ladipage.minba6a.css]
[w.ladicdn.com/s1300x1200/5fa2747be93b1c29f89c713f/biofitmobile1-20210415024606.png]
[w.ladicdn.com/s550x650/5fa2747be93b1c29f89c713f/biofitmobile2-20210415024818.png]
[w.ladicdn.com/s550x400/5fa2747be93b1c29f89c713f/add-to-cart3-red-20210415024934.png]
[w.ladicdn.com/s550x650/5fa2747be93b1c29f89c713f/biofitmobile3-20210415025405.png]
[w.ladicdn.com/s550x750/5fa2747be93b1c29f89c713f/biofitmobile4-20210415025533.png]
[w.ladicdn.com/s550x650/5fa2747be93b1c29f89c713f/biofitmobile5-20210415025655.png]
[w.ladicdn.com/s550x600/5fa2747be93b1c29f89c713f/biofitmobile7-20210415025850.png]
[w.ladicdn.com/s550x800/5fa2747be93b1c29f89c713f/biofitmobile8-20210415030011.png]
[w.ladicdn.com/s750x900/5fa2747be93b1c29f89c713f/biofitmobile9-20210415030127.png]
[w.ladicdn.com/s750x1000/5fa2747be93b1c29f89c713f/biofitmobile10-20210415030257.png]
[w.ladicdn.com/s750x950/5fa2747be93b1c29f89c713f/biofitmobile11-20210415030438.png]
[w.ladicdn.com/s750x800/5fa2747be93b1c29f89c713f/biofitmobile1-20210415024606.png]
[w.ladicdn.com/s750x1050/5fa2747be93b1c29f89c713f/biofitmobile2-20210415024818.png]
[w.ladicdn.com/s500x350/5fa2747be93b1c29f89c713f/add-to-cart3-red-20210415024934.png]
[w.ladicdn.com/s750x1000/5fa2747be93b1c29f89c713f/biofitmobile3-20210415025405.png]
[w.ladicdn.com/s750x1150/5fa2747be93b1c29f89c713f/biofitmobile4-20210415025533.png]
[w.ladicdn.com/s750x1050/5fa2747be93b1c29f89c713f/biofitmobile5-20210415025655.png]
[w.ladicdn.com/s750x850/5fa2747be93b1c29f89c713f/biofitmobile7-20210415025850.png]
[w.ladicdn.com/s750x1300/5fa2747be93b1c29f89c713f/biofitmobile8-20210415030011.png]
[biofit-biofit.com/biofit/biofit-mobile.html]
[w.ladicdn.com/v2/source/ladipage.mineb3a.css]
[okinawaflatbellyofficial.site/load.gif]
[biofit-biofit.com/biofit/biofit-biofit-biofit.html]
[biofit-biofit.com/biofit/biofit-pay1.html]
[biofit-biofit.com/biofit/biofit-pay6.html]
[biofit-biofit.com/biofit/biofit-pay3.html]
[biofit-biofit.com/biofit/_https_/www.youtube.com/embed/BnWiFq0AxQce926.html]
[biofit-biofit.com/a/images/loading.html]
[w.ladicdn.com/v2/source/ladipage.minba6a.css]
[w.ladicdn.com/v2/source/ladipage.mineb3a.css]
[w.ladicdn.com/v2/source/ladipage.vi.mineb3a.js]
[w.ladicdn.com_443/5fa2747be93b1c29f89c713f/rbg/best-seller-logo-png-clip-art-20210323124030.png]
[w.ladicdn.com_443/5fa2747be93b1c29f89c713f/rbg/best-seller-logo-png-clip-art-20210305001547.png]
